<?xml version="1.0" encoding="UTF-8"?>
<TestRun id="1e624e83-e230-4d68-941f-c37a6bb30e53" name="Evandro@EVANDRO-PC 2012-01-27 12:53:31" runUser="Evandro-PC\Evandro" xmlns="http://microsoft.com/schemas/VisualStudio/TeamTest/2010">
  <TestSettings name="Local" id="f8ab3fa1-021e-44e8-9007-33e97e796be4">
    <Description>These are default test settings for a local test run.</Description>
    <Deployment enabled="false" runDeploymentRoot="Evandro_EVANDRO-PC 2012-01-27 12_53_31" />
    <Execution>
      <TestTypeSpecific />
      <AgentRule name="Execution Agents">
      </AgentRule>
    </Execution>
  </TestSettings>
  <Times creation="2012-01-27T12:53:31.5577055-02:00" queuing="2012-01-27T12:53:31.6097084-02:00" start="2012-01-27T12:53:31.6357099-02:00" finish="2012-01-27T12:53:31.9557282-02:00" />
  <ResultSummary outcome="Failed">
    <Counters total="1" executed="1" error="0" failed="1" timeout="0" aborted="0" inconclusive="0" passedButRunAborted="0" notRunnable="0" notExecuted="0" disconnected="0" warning="0" passed="0" completed="0" inProgress="0" pending="0" />
  </ResultSummary>
  <TestDefinitions>
    <UnitTest name="TesteDojo" storage="c:\users\evandro\desktop\escrevendonocelular\escrevendonocelular\bin\debug\escrevendonocelular.dll" id="8f7a37e7-fe1f-1da2-ff3e-01f35301f85b">
      <Execution id="daf23f14-95d2-449c-b511-a3e5a416a9ac" />
      <TestMethod codeBase="C:/Users/Evandro/Desktop/EscrevendoNoCelular/EscrevendoNoCelular/bin/Debug/EscrevendoNoCelular.DLL" adapterTypeName="Microsoft.VisualStudio.TestTools.TestTypes.Unit.UnitTestAdapter, Microsoft.VisualStudio.QualityTools.Tips.UnitTest.Adapter, Version=10.0.0.0, Culture=neutral, PublicKeyToken=b03f5f7f11d50a3a" className="EscrevendoNoCelular.UnitTest1, EscrevendoNoCelular, Version=1.0.0.0, Culture=neutral, PublicKeyToken=null" name="TesteDojo" />
    </UnitTest>
  </TestDefinitions>
  <TestLists>
    <TestList name="Results Not in a List" id="8c84fa94-04c1-424b-9868-57a2d4851a1d" />
    <TestList name="All Loaded Results" id="19431567-8539-422a-85d7-44ee4e166bda" />
  </TestLists>
  <TestEntries>
    <TestEntry testId="8f7a37e7-fe1f-1da2-ff3e-01f35301f85b" executionId="daf23f14-95d2-449c-b511-a3e5a416a9ac" testListId="8c84fa94-04c1-424b-9868-57a2d4851a1d" />
  </TestEntries>
  <Results>
    <UnitTestResult executionId="daf23f14-95d2-449c-b511-a3e5a416a9ac" testId="8f7a37e7-fe1f-1da2-ff3e-01f35301f85b" testName="TesteDojo" computerName="EVANDRO-PC" duration="00:00:00.0408428" startTime="2012-01-27T12:53:31.6467106-02:00" endTime="2012-01-27T12:53:31.9337270-02:00" testType="13cdc9d9-ddb5-4fa4-a97d-d965ccfc6d4b" outcome="Failed" testListId="8c84fa94-04c1-424b-9868-57a2d4851a1d" relativeResultsDirectory="daf23f14-95d2-449c-b511-a3e5a416a9ac">
      <Output>
        <ErrorInfo>
          <Message>Assert.AreEqual failed. Expected:&lt;3666444666&gt;. Actual:&lt;36665666&gt;. </Message>
          <StackTrace>   at EscrevendoNoCelular.UnitTest1.TesteDojo() in C:\Users\Evandro\Desktop\EscrevendoNoCelular\EscrevendoNoCelular\UnitTest1.cs:line 110
</StackTrace>
        </ErrorInfo>
      </Output>
    </UnitTestResult>
  </Results>
</TestRun>