<?xml version="1.0" encoding="UTF-8"?>
<TestRun id="5ba0d7b5-20ca-4187-a2a5-83d03ce7f605" name="Evandro@EVANDRO-PC 2012-01-27 13:15:35" runUser="Evandro-PC\Evandro" xmlns="http://microsoft.com/schemas/VisualStudio/TeamTest/2010">
  <TestSettings name="Local" id="f8ab3fa1-021e-44e8-9007-33e97e796be4">
    <Description>These are default test settings for a local test run.</Description>
    <Deployment enabled="false" runDeploymentRoot="Evandro_EVANDRO-PC 2012-01-27 13_15_35" />
    <Execution>
      <TestTypeSpecific />
      <AgentRule name="Execution Agents">
      </AgentRule>
    </Execution>
  </TestSettings>
  <Times creation="2012-01-27T13:15:35.9434560-02:00" queuing="2012-01-27T13:15:36.0044595-02:00" start="2012-01-27T13:15:36.0244606-02:00" finish="2012-01-27T13:15:36.3774808-02:00" />
  <ResultSummary outcome="Failed">
    <Counters total="1" executed="1" error="0" failed="1" timeout="0" aborted="0" inconclusive="0" passedButRunAborted="0" notRunnable="0" notExecuted="0" disconnected="0" warning="0" passed="0" completed="0" inProgress="0" pending="0" />
  </ResultSummary>
  <TestDefinitions>
    <UnitTest name="TesteTecsystemTecnologiaEmSoftware" storage="c:\users\evandro\desktop\escrevendonocelular\escrevendonocelular\bin\debug\escrevendonocelular.dll" id="f00d0e02-3a30-9fd2-667f-e18e0e68c89b">
      <Execution id="83fc6c1e-8532-40a8-9d62-40b0ae0a18e2" />
      <TestMethod codeBase="C:/Users/Evandro/Desktop/EscrevendoNoCelular/EscrevendoNoCelular/bin/Debug/EscrevendoNoCelular.DLL" adapterTypeName="Microsoft.VisualStudio.TestTools.TestTypes.Unit.UnitTestAdapter, Microsoft.VisualStudio.QualityTools.Tips.UnitTest.Adapter, Version=10.0.0.0, Culture=neutral, PublicKeyToken=b03f5f7f11d50a3a" className="EscrevendoNoCelular.UnitTest1, EscrevendoNoCelular, Version=1.0.0.0, Culture=neutral, PublicKeyToken=null" name="TesteTecsystemTecnologiaEmSoftware" />
    </UnitTest>
  </TestDefinitions>
  <TestLists>
    <TestList name="Results Not in a List" id="8c84fa94-04c1-424b-9868-57a2d4851a1d" />
    <TestList name="All Loaded Results" id="19431567-8539-422a-85d7-44ee4e166bda" />
  </TestLists>
  <TestEntries>
    <TestEntry testId="f00d0e02-3a30-9fd2-667f-e18e0e68c89b" executionId="83fc6c1e-8532-40a8-9d62-40b0ae0a18e2" testListId="8c84fa94-04c1-424b-9868-57a2d4851a1d" />
  </TestEntries>
  <Results>
    <UnitTestResult executionId="83fc6c1e-8532-40a8-9d62-40b0ae0a18e2" testId="f00d0e02-3a30-9fd2-667f-e18e0e68c89b" testName="TesteTecsystemTecnologiaEmSoftware" computerName="EVANDRO-PC" duration="00:00:00.0297750" startTime="2012-01-27T13:15:36.0374614-02:00" endTime="2012-01-27T13:15:36.3274780-02:00" testType="13cdc9d9-ddb5-4fa4-a97d-d965ccfc6d4b" outcome="Failed" testListId="8c84fa94-04c1-424b-9868-57a2d4851a1d" relativeResultsDirectory="83fc6c1e-8532-40a8-9d62-40b0ae0a18e2">
      <Output>
        <ErrorInfo>
          <Message>Test method EscrevendoNoCelular.UnitTest1.TesteTecsystemTecnologiaEmSoftware threw exception: 
System.NullReferenceException: Object reference not set to an instance of an object.</Message>
          <StackTrace>    at EscrevendoNoCelular.Celular.GetTeclas() in C:\Users\Evandro\Desktop\EscrevendoNoCelular\EscrevendoNoCelular\Celular.cs:line 30
   at EscrevendoNoCelular.UnitTest1.TesteTecsystemTecnologiaEmSoftware() in C:\Users\Evandro\Desktop\EscrevendoNoCelular\EscrevendoNoCelular\UnitTest1.cs:line 128
</StackTrace>
        </ErrorInfo>
      </Output>
    </UnitTestResult>
  </Results>
</TestRun>