<?xml version="1.0" encoding="UTF-8"?>
<TestRun id="1a703d8a-f478-476a-8910-aeb040ba4668" name="Evandro@EVANDRO-PC 2012-01-27 13:19:35" runUser="Evandro-PC\Evandro" xmlns="http://microsoft.com/schemas/VisualStudio/TeamTest/2010">
  <TestSettings name="Local" id="f8ab3fa1-021e-44e8-9007-33e97e796be4">
    <Description>These are default test settings for a local test run.</Description>
    <Deployment enabled="false" runDeploymentRoot="Evandro_EVANDRO-PC 2012-01-27 13_19_35" />
    <Execution>
      <TestTypeSpecific />
      <AgentRule name="Execution Agents">
      </AgentRule>
    </Execution>
  </TestSettings>
  <Times creation="2012-01-27T13:19:35.2101413-02:00" queuing="2012-01-27T13:19:35.3971520-02:00" start="2012-01-27T13:19:35.4111528-02:00" finish="2012-01-27T13:19:35.8841798-02:00" />
  <ResultSummary outcome="Failed">
    <Counters total="1" executed="1" error="0" failed="1" timeout="0" aborted="0" inconclusive="0" passedButRunAborted="0" notRunnable="0" notExecuted="0" disconnected="0" warning="0" passed="0" completed="0" inProgress="0" pending="0" />
  </ResultSummary>
  <TestDefinitions>
    <UnitTest name="DeveRetornar5ParaJ" storage="c:\users\evandro\desktop\escrevendonocelular\escrevendonocelular\bin\debug\escrevendonocelular.dll" id="50df4117-5178-5c09-6387-30fc32637acc">
      <Execution id="a8e3b111-e749-409a-8e00-5b7c804e7b40" />
      <TestMethod codeBase="C:/Users/Evandro/Desktop/EscrevendoNoCelular/EscrevendoNoCelular/bin/Debug/EscrevendoNoCelular.DLL" adapterTypeName="Microsoft.VisualStudio.TestTools.TestTypes.Unit.UnitTestAdapter, Microsoft.VisualStudio.QualityTools.Tips.UnitTest.Adapter, Version=10.0.0.0, Culture=neutral, PublicKeyToken=b03f5f7f11d50a3a" className="EscrevendoNoCelular.UnitTest1, EscrevendoNoCelular, Version=1.0.0.0, Culture=neutral, PublicKeyToken=null" name="DeveRetornar5ParaJ" />
    </UnitTest>
  </TestDefinitions>
  <TestLists>
    <TestList name="Results Not in a List" id="8c84fa94-04c1-424b-9868-57a2d4851a1d" />
    <TestList name="All Loaded Results" id="19431567-8539-422a-85d7-44ee4e166bda" />
  </TestLists>
  <TestEntries>
    <TestEntry testId="50df4117-5178-5c09-6387-30fc32637acc" executionId="a8e3b111-e749-409a-8e00-5b7c804e7b40" testListId="8c84fa94-04c1-424b-9868-57a2d4851a1d" />
  </TestEntries>
  <Results>
    <UnitTestResult executionId="a8e3b111-e749-409a-8e00-5b7c804e7b40" testId="50df4117-5178-5c09-6387-30fc32637acc" testName="DeveRetornar5ParaJ" computerName="EVANDRO-PC" duration="00:00:00.0338138" startTime="2012-01-27T13:19:35.4251536-02:00" endTime="2012-01-27T13:19:35.7651730-02:00" testType="13cdc9d9-ddb5-4fa4-a97d-d965ccfc6d4b" outcome="Failed" testListId="8c84fa94-04c1-424b-9868-57a2d4851a1d" relativeResultsDirectory="a8e3b111-e749-409a-8e00-5b7c804e7b40">
      <Output>
        <ErrorInfo>
          <Message>Test method EscrevendoNoCelular.UnitTest1.DeveRetornar5ParaJ threw exception: 
System.NullReferenceException: Object reference not set to an instance of an object.</Message>
          <StackTrace>    at EscrevendoNoCelular.Celular.GetTeclas() in C:\Users\Evandro\Desktop\EscrevendoNoCelular\EscrevendoNoCelular\Celular.cs:line 30
   at EscrevendoNoCelular.UnitTest1.DeveRetornar5ParaJ() in C:\Users\Evandro\Desktop\EscrevendoNoCelular\EscrevendoNoCelular\UnitTest1.cs:line 108
</StackTrace>
        </ErrorInfo>
      </Output>
    </UnitTestResult>
  </Results>
</TestRun>