<?xml version="1.0" encoding="UTF-8"?>
<TestRun id="478de453-ce90-4af2-a0b3-bc2ed45ab1ea" name="Evandro@EVANDRO-PC 2012-01-27 13:22:03" runUser="Evandro-PC\Evandro" xmlns="http://microsoft.com/schemas/VisualStudio/TeamTest/2010">
  <TestSettings name="Local" id="f8ab3fa1-021e-44e8-9007-33e97e796be4">
    <Description>These are default test settings for a local test run.</Description>
    <Deployment enabled="false" runDeploymentRoot="Evandro_EVANDRO-PC 2012-01-27 13_22_03" />
    <Execution>
      <TestTypeSpecific />
      <AgentRule name="Execution Agents">
      </AgentRule>
    </Execution>
  </TestSettings>
  <Times creation="2012-01-27T13:22:03.3266130-02:00" queuing="2012-01-27T13:22:03.4036174-02:00" start="2012-01-27T13:22:03.4396195-02:00" finish="2012-01-27T13:22:03.9606493-02:00" />
  <ResultSummary outcome="Failed">
    <Counters total="7" executed="7" passed="6" error="0" failed="1" timeout="0" aborted="0" inconclusive="0" passedButRunAborted="0" notRunnable="0" notExecuted="0" disconnected="0" warning="0" completed="0" inProgress="0" pending="0" />
  </ResultSummary>
  <TestDefinitions>
    <UnitTest name="TesteDojo" storage="c:\users\evandro\desktop\escrevendonocelular\escrevendonocelular\bin\debug\escrevendonocelular.dll" id="8f7a37e7-fe1f-1da2-ff3e-01f35301f85b">
      <Execution id="93fb601b-d332-4ffd-9ea1-ec9dd35a5565" />
      <TestMethod codeBase="C:/Users/Evandro/Desktop/EscrevendoNoCelular/EscrevendoNoCelular/bin/Debug/EscrevendoNoCelular.DLL" adapterTypeName="Microsoft.VisualStudio.TestTools.TestTypes.Unit.UnitTestAdapter, Microsoft.VisualStudio.QualityTools.Tips.UnitTest.Adapter, Version=10.0.0.0, Culture=neutral, PublicKeyToken=b03f5f7f11d50a3a" className="EscrevendoNoCelular.UnitTest1, EscrevendoNoCelular, Version=1.0.0.0, Culture=neutral, PublicKeyToken=null" name="TesteDojo" />
    </UnitTest>
    <UnitTest name="DeveRetornar5ParaJ" storage="c:\users\evandro\desktop\escrevendonocelular\escrevendonocelular\bin\debug\escrevendonocelular.dll" id="50df4117-5178-5c09-6387-30fc32637acc">
      <Execution id="d6d04593-2f78-4c5f-aba3-5712cd6a746d" />
      <TestMethod codeBase="C:/Users/Evandro/Desktop/EscrevendoNoCelular/EscrevendoNoCelular/bin/Debug/EscrevendoNoCelular.DLL" adapterTypeName="Microsoft.VisualStudio.TestTools.TestTypes.Unit.UnitTestAdapter, Microsoft.VisualStudio.QualityTools.Tips.UnitTest.Adapter, Version=10.0.0.0, Culture=neutral, PublicKeyToken=b03f5f7f11d50a3a" className="EscrevendoNoCelular.UnitTest1, EscrevendoNoCelular, Version=1.0.0.0, Culture=neutral, PublicKeyToken=null" name="DeveRetornar5ParaJ" />
    </UnitTest>
    <UnitTest name="DeveRetornar3ParaD" storage="c:\users\evandro\desktop\escrevendonocelular\escrevendonocelular\bin\debug\escrevendonocelular.dll" id="7defdf68-08f2-317a-4a80-9a1c9b989a85">
      <Execution id="9a546ae0-72df-4440-a47a-a88235c45676" />
      <TestMethod codeBase="C:/Users/Evandro/Desktop/EscrevendoNoCelular/EscrevendoNoCelular/bin/Debug/EscrevendoNoCelular.DLL" adapterTypeName="Microsoft.VisualStudio.TestTools.TestTypes.Unit.UnitTestAdapter, Microsoft.VisualStudio.QualityTools.Tips.UnitTest.Adapter, Version=10.0.0.0, Culture=neutral, PublicKeyToken=b03f5f7f11d50a3a" className="EscrevendoNoCelular.UnitTest1, EscrevendoNoCelular, Version=1.0.0.0, Culture=neutral, PublicKeyToken=null" name="DeveRetornar3ParaD" />
    </UnitTest>
    <UnitTest name="DeveRetornar22ParaB" storage="c:\users\evandro\desktop\escrevendonocelular\escrevendonocelular\bin\debug\escrevendonocelular.dll" id="f52979f1-bbd7-da7b-69e4-57877008dccf">
      <Execution id="e6b1dc10-1a67-4496-b0a3-d3cbb92eceb4" />
      <TestMethod codeBase="C:/Users/Evandro/Desktop/EscrevendoNoCelular/EscrevendoNoCelular/bin/Debug/EscrevendoNoCelular.DLL" adapterTypeName="Microsoft.VisualStudio.TestTools.TestTypes.Unit.UnitTestAdapter, Microsoft.VisualStudio.QualityTools.Tips.UnitTest.Adapter, Version=10.0.0.0, Culture=neutral, PublicKeyToken=b03f5f7f11d50a3a" className="EscrevendoNoCelular.UnitTest1, EscrevendoNoCelular, Version=1.0.0.0, Culture=neutral, PublicKeyToken=null" name="DeveRetornar22ParaB" />
    </UnitTest>
    <UnitTest name="DeveRetornar222ParaC" storage="c:\users\evandro\desktop\escrevendonocelular\escrevendonocelular\bin\debug\escrevendonocelular.dll" id="64cd223a-7c3d-02f0-e53a-1e370d20db31">
      <Execution id="4564020e-2eea-406e-9216-9967c14817e2" />
      <TestMethod codeBase="C:/Users/Evandro/Desktop/EscrevendoNoCelular/EscrevendoNoCelular/bin/Debug/EscrevendoNoCelular.DLL" adapterTypeName="Microsoft.VisualStudio.TestTools.TestTypes.Unit.UnitTestAdapter, Microsoft.VisualStudio.QualityTools.Tips.UnitTest.Adapter, Version=10.0.0.0, Culture=neutral, PublicKeyToken=b03f5f7f11d50a3a" className="EscrevendoNoCelular.UnitTest1, EscrevendoNoCelular, Version=1.0.0.0, Culture=neutral, PublicKeyToken=null" name="DeveRetornar222ParaC" />
    </UnitTest>
    <UnitTest name="TesteTecsystemTecnologiaEmSoftware" storage="c:\users\evandro\desktop\escrevendonocelular\escrevendonocelular\bin\debug\escrevendonocelular.dll" id="f00d0e02-3a30-9fd2-667f-e18e0e68c89b">
      <Execution id="931504c9-6244-4f83-8418-209e13a38507" />
      <TestMethod codeBase="C:/Users/Evandro/Desktop/EscrevendoNoCelular/EscrevendoNoCelular/bin/Debug/EscrevendoNoCelular.DLL" adapterTypeName="Microsoft.VisualStudio.TestTools.TestTypes.Unit.UnitTestAdapter, Microsoft.VisualStudio.QualityTools.Tips.UnitTest.Adapter, Version=10.0.0.0, Culture=neutral, PublicKeyToken=b03f5f7f11d50a3a" className="EscrevendoNoCelular.UnitTest1, EscrevendoNoCelular, Version=1.0.0.0, Culture=neutral, PublicKeyToken=null" name="TesteTecsystemTecnologiaEmSoftware" />
    </UnitTest>
    <UnitTest name="DeveRetornar2ParaA" storage="c:\users\evandro\desktop\escrevendonocelular\escrevendonocelular\bin\debug\escrevendonocelular.dll" id="a69c8959-0c41-eb3f-e599-c2634965f942">
      <Execution id="8252fd5e-2f08-4f90-bdfc-04bc4015cd70" />
      <TestMethod codeBase="C:/Users/Evandro/Desktop/EscrevendoNoCelular/EscrevendoNoCelular/bin/Debug/EscrevendoNoCelular.DLL" adapterTypeName="Microsoft.VisualStudio.TestTools.TestTypes.Unit.UnitTestAdapter, Microsoft.VisualStudio.QualityTools.Tips.UnitTest.Adapter, Version=10.0.0.0, Culture=neutral, PublicKeyToken=b03f5f7f11d50a3a" className="EscrevendoNoCelular.UnitTest1, EscrevendoNoCelular, Version=1.0.0.0, Culture=neutral, PublicKeyToken=null" name="DeveRetornar2ParaA" />
    </UnitTest>
  </TestDefinitions>
  <TestLists>
    <TestList name="Results Not in a List" id="8c84fa94-04c1-424b-9868-57a2d4851a1d" />
    <TestList name="All Loaded Results" id="19431567-8539-422a-85d7-44ee4e166bda" />
  </TestLists>
  <TestEntries>
    <TestEntry testId="50df4117-5178-5c09-6387-30fc32637acc" executionId="d6d04593-2f78-4c5f-aba3-5712cd6a746d" testListId="8c84fa94-04c1-424b-9868-57a2d4851a1d" />
    <TestEntry testId="64cd223a-7c3d-02f0-e53a-1e370d20db31" executionId="4564020e-2eea-406e-9216-9967c14817e2" testListId="8c84fa94-04c1-424b-9868-57a2d4851a1d" />
    <TestEntry testId="7defdf68-08f2-317a-4a80-9a1c9b989a85" executionId="9a546ae0-72df-4440-a47a-a88235c45676" testListId="8c84fa94-04c1-424b-9868-57a2d4851a1d" />
    <TestEntry testId="8f7a37e7-fe1f-1da2-ff3e-01f35301f85b" executionId="93fb601b-d332-4ffd-9ea1-ec9dd35a5565" testListId="8c84fa94-04c1-424b-9868-57a2d4851a1d" />
    <TestEntry testId="a69c8959-0c41-eb3f-e599-c2634965f942" executionId="8252fd5e-2f08-4f90-bdfc-04bc4015cd70" testListId="8c84fa94-04c1-424b-9868-57a2d4851a1d" />
    <TestEntry testId="f00d0e02-3a30-9fd2-667f-e18e0e68c89b" executionId="931504c9-6244-4f83-8418-209e13a38507" testListId="8c84fa94-04c1-424b-9868-57a2d4851a1d" />
    <TestEntry testId="f52979f1-bbd7-da7b-69e4-57877008dccf" executionId="e6b1dc10-1a67-4496-b0a3-d3cbb92eceb4" testListId="8c84fa94-04c1-424b-9868-57a2d4851a1d" />
  </TestEntries>
  <Results>
    <UnitTestResult executionId="d6d04593-2f78-4c5f-aba3-5712cd6a746d" testId="50df4117-5178-5c09-6387-30fc32637acc" testName="DeveRetornar5ParaJ" computerName="EVANDRO-PC" duration="00:00:00.0159514" startTime="2012-01-27T13:22:03.4926225-02:00" endTime="2012-01-27T13:22:03.8176411-02:00" testType="13cdc9d9-ddb5-4fa4-a97d-d965ccfc6d4b" outcome="Passed" testListId="8c84fa94-04c1-424b-9868-57a2d4851a1d" relativeResultsDirectory="d6d04593-2f78-4c5f-aba3-5712cd6a746d">
    </UnitTestResult>
    <UnitTestResult executionId="4564020e-2eea-406e-9216-9967c14817e2" testId="64cd223a-7c3d-02f0-e53a-1e370d20db31" testName="DeveRetornar222ParaC" computerName="EVANDRO-PC" duration="00:00:00.0003776" startTime="2012-01-27T13:22:03.8246415-02:00" endTime="2012-01-27T13:22:03.8306419-02:00" testType="13cdc9d9-ddb5-4fa4-a97d-d965ccfc6d4b" outcome="Passed" testListId="8c84fa94-04c1-424b-9868-57a2d4851a1d" relativeResultsDirectory="4564020e-2eea-406e-9216-9967c14817e2">
    </UnitTestResult>
    <UnitTestResult executionId="9a546ae0-72df-4440-a47a-a88235c45676" testId="7defdf68-08f2-317a-4a80-9a1c9b989a85" testName="DeveRetornar3ParaD" computerName="EVANDRO-PC" duration="00:00:00.0003112" startTime="2012-01-27T13:22:03.8376423-02:00" endTime="2012-01-27T13:22:03.8426426-02:00" testType="13cdc9d9-ddb5-4fa4-a97d-d965ccfc6d4b" outcome="Passed" testListId="8c84fa94-04c1-424b-9868-57a2d4851a1d" relativeResultsDirectory="9a546ae0-72df-4440-a47a-a88235c45676">
    </UnitTestResult>
    <UnitTestResult executionId="93fb601b-d332-4ffd-9ea1-ec9dd35a5565" testId="8f7a37e7-fe1f-1da2-ff3e-01f35301f85b" testName="TesteDojo" computerName="EVANDRO-PC" duration="00:00:00.0003063" startTime="2012-01-27T13:22:03.8506430-02:00" endTime="2012-01-27T13:22:03.8566434-02:00" testType="13cdc9d9-ddb5-4fa4-a97d-d965ccfc6d4b" outcome="Passed" testListId="8c84fa94-04c1-424b-9868-57a2d4851a1d" relativeResultsDirectory="93fb601b-d332-4ffd-9ea1-ec9dd35a5565">
    </UnitTestResult>
    <UnitTestResult executionId="8252fd5e-2f08-4f90-bdfc-04bc4015cd70" testId="a69c8959-0c41-eb3f-e599-c2634965f942" testName="DeveRetornar2ParaA" computerName="EVANDRO-PC" duration="00:00:00.0003006" startTime="2012-01-27T13:22:03.8646438-02:00" endTime="2012-01-27T13:22:03.8696441-02:00" testType="13cdc9d9-ddb5-4fa4-a97d-d965ccfc6d4b" outcome="Passed" testListId="8c84fa94-04c1-424b-9868-57a2d4851a1d" relativeResultsDirectory="8252fd5e-2f08-4f90-bdfc-04bc4015cd70">
    </UnitTestResult>
    <UnitTestResult executionId="931504c9-6244-4f83-8418-209e13a38507" testId="f00d0e02-3a30-9fd2-667f-e18e0e68c89b" testName="TesteTecsystemTecnologiaEmSoftware" computerName="EVANDRO-PC" duration="00:00:00.0454161" startTime="2012-01-27T13:22:03.8756444-02:00" endTime="2012-01-27T13:22:03.9256473-02:00" testType="13cdc9d9-ddb5-4fa4-a97d-d965ccfc6d4b" outcome="Failed" testListId="8c84fa94-04c1-424b-9868-57a2d4851a1d" relativeResultsDirectory="931504c9-6244-4f83-8418-209e13a38507">
      <Output>
        <ErrorInfo>
          <Message>Assert.AreEqual failed. Expected:&lt;833222777799977778336083322266_6665556664_444203360777766633389277733&gt;. Actual:&lt;8332227777999777783360833222666665556664444203360777766633389277733&gt;. </Message>
          <StackTrace>   at EscrevendoNoCelular.UnitTest1.TesteTecsystemTecnologiaEmSoftware() in C:\Users\Evandro\Desktop\EscrevendoNoCelular\EscrevendoNoCelular\UnitTest1.cs:line 130
</StackTrace>
        </ErrorInfo>
      </Output>
    </UnitTestResult>
    <UnitTestResult executionId="e6b1dc10-1a67-4496-b0a3-d3cbb92eceb4" testId="f52979f1-bbd7-da7b-69e4-57877008dccf" testName="DeveRetornar22ParaB" computerName="EVANDRO-PC" duration="00:00:00.0002852" startTime="2012-01-27T13:22:03.9346478-02:00" endTime="2012-01-27T13:22:03.9386481-02:00" testType="13cdc9d9-ddb5-4fa4-a97d-d965ccfc6d4b" outcome="Passed" testListId="8c84fa94-04c1-424b-9868-57a2d4851a1d" relativeResultsDirectory="e6b1dc10-1a67-4496-b0a3-d3cbb92eceb4">
    </UnitTestResult>
  </Results>
</TestRun>