<?xml version="1.0" encoding="UTF-8"?>
<TestRun id="f2bef42c-cd0f-46c6-b642-4bd4393095e4" name="Evandro@EVANDRO-PC 2012-01-27 12:51:18" runUser="Evandro-PC\Evandro" xmlns="http://microsoft.com/schemas/VisualStudio/TeamTest/2010">
  <TestSettings name="Local" id="f8ab3fa1-021e-44e8-9007-33e97e796be4">
    <Description>These are default test settings for a local test run.</Description>
    <Deployment enabled="false" runDeploymentRoot="Evandro_EVANDRO-PC 2012-01-27 12_51_18" />
    <Execution>
      <TestTypeSpecific />
      <AgentRule name="Execution Agents">
      </AgentRule>
    </Execution>
  </TestSettings>
  <Times creation="2012-01-27T12:51:18.4770937-02:00" queuing="2012-01-27T12:51:18.5320968-02:00" start="2012-01-27T12:51:18.5520980-02:00" finish="2012-01-27T12:51:18.8571154-02:00" />
  <ResultSummary outcome="Completed">
    <Counters total="1" executed="1" passed="1" error="0" failed="0" timeout="0" aborted="0" inconclusive="0" passedButRunAborted="0" notRunnable="0" notExecuted="0" disconnected="0" warning="0" completed="0" inProgress="0" pending="0" />
  </ResultSummary>
  <TestDefinitions>
    <UnitTest name="DeveRetornar222ParaC" storage="c:\users\evandro\desktop\escrevendonocelular\escrevendonocelular\bin\debug\escrevendonocelular.dll" id="64cd223a-7c3d-02f0-e53a-1e370d20db31">
      <Execution id="940864be-7bb3-4747-91c9-a78eeb697469" />
      <TestMethod codeBase="C:/Users/Evandro/Desktop/EscrevendoNoCelular/EscrevendoNoCelular/bin/Debug/EscrevendoNoCelular.DLL" adapterTypeName="Microsoft.VisualStudio.TestTools.TestTypes.Unit.UnitTestAdapter, Microsoft.VisualStudio.QualityTools.Tips.UnitTest.Adapter, Version=10.0.0.0, Culture=neutral, PublicKeyToken=b03f5f7f11d50a3a" className="EscrevendoNoCelular.UnitTest1, EscrevendoNoCelular, Version=1.0.0.0, Culture=neutral, PublicKeyToken=null" name="DeveRetornar222ParaC" />
    </UnitTest>
  </TestDefinitions>
  <TestLists>
    <TestList name="Results Not in a List" id="8c84fa94-04c1-424b-9868-57a2d4851a1d" />
    <TestList name="All Loaded Results" id="19431567-8539-422a-85d7-44ee4e166bda" />
  </TestLists>
  <TestEntries>
    <TestEntry testId="64cd223a-7c3d-02f0-e53a-1e370d20db31" executionId="940864be-7bb3-4747-91c9-a78eeb697469" testListId="8c84fa94-04c1-424b-9868-57a2d4851a1d" />
  </TestEntries>
  <Results>
    <UnitTestResult executionId="940864be-7bb3-4747-91c9-a78eeb697469" testId="64cd223a-7c3d-02f0-e53a-1e370d20db31" testName="DeveRetornar222ParaC" computerName="EVANDRO-PC" duration="00:00:00.0163384" startTime="2012-01-27T12:51:18.5650987-02:00" endTime="2012-01-27T12:51:18.8331141-02:00" testType="13cdc9d9-ddb5-4fa4-a97d-d965ccfc6d4b" outcome="Passed" testListId="8c84fa94-04c1-424b-9868-57a2d4851a1d" relativeResultsDirectory="940864be-7bb3-4747-91c9-a78eeb697469">
    </UnitTestResult>
  </Results>
</TestRun>