<?xml version="1.0" encoding="UTF-8"?>
<TestRun id="d39c879f-abd4-4c53-94d0-b7274d2489a3" name="Evandro@EVANDRO-PC 2012-02-03 13:10:01" runUser="Evandro-PC\Evandro" xmlns="http://microsoft.com/schemas/VisualStudio/TeamTest/2010">
  <TestSettings name="Local" id="e69edb5e-b0a5-4ab0-9474-5312592fd514">
    <Description>These are default test settings for a local test run.</Description>
    <Deployment enabled="false" runDeploymentRoot="Evandro_EVANDRO-PC 2012-02-03 13_10_01" />
    <Execution>
      <TestTypeSpecific />
      <AgentRule name="Execution Agents">
      </AgentRule>
    </Execution>
  </TestSettings>
  <Times creation="2012-02-03T13:10:01.9627757-02:00" queuing="2012-02-03T13:10:02.0317797-02:00" start="2012-02-03T13:10:02.1407859-02:00" finish="2012-02-03T13:10:02.7358199-02:00" />
  <ResultSummary outcome="Completed">
    <Counters total="2" executed="2" passed="2" error="0" failed="0" timeout="0" aborted="0" inconclusive="0" passedButRunAborted="0" notRunnable="0" notExecuted="0" disconnected="0" warning="0" completed="0" inProgress="0" pending="0" />
  </ResultSummary>
  <TestDefinitions>
    <UnitTest name="TestDeveRetornarSomenteNome" storage="c:\users\evandro\desktop\autoreslivrostest\autoreslivrostest\bin\debug\autoreslivrostest.dll" id="2ae87283-495d-6455-fa7b-b6d749ef575d">
      <Execution id="bfd0e7ca-de98-455d-82cd-ef3bc0c3ccd2" />
      <TestMethod codeBase="C:/Users/Evandro/Desktop/AutoresLivrosTest/AutoresLivrosTest/bin/Debug/AutoresLivrosTest.DLL" adapterTypeName="Microsoft.VisualStudio.TestTools.TestTypes.Unit.UnitTestAdapter, Microsoft.VisualStudio.QualityTools.Tips.UnitTest.Adapter, Version=10.0.0.0, Culture=neutral, PublicKeyToken=b03f5f7f11d50a3a" className="AutoresLivrosTest.AutoresTest, AutoresLivrosTest, Version=1.0.0.0, Culture=neutral, PublicKeyToken=null" name="TestDeveRetornarSomenteNome" />
    </UnitTest>
    <UnitTest name="TestDeveRetornarSILVAJoaoQuandoJoaoSilva" storage="c:\users\evandro\desktop\autoreslivrostest\autoreslivrostest\bin\debug\autoreslivrostest.dll" id="efe0f134-120c-7ec6-8857-d2754fb0dc38">
      <Execution id="c9c6ae78-d016-4336-9d8e-6f24af633852" />
      <TestMethod codeBase="C:/Users/Evandro/Desktop/AutoresLivrosTest/AutoresLivrosTest/bin/Debug/AutoresLivrosTest.DLL" adapterTypeName="Microsoft.VisualStudio.TestTools.TestTypes.Unit.UnitTestAdapter, Microsoft.VisualStudio.QualityTools.Tips.UnitTest.Adapter, Version=10.0.0.0, Culture=neutral, PublicKeyToken=b03f5f7f11d50a3a" className="AutoresLivrosTest.AutoresTest, AutoresLivrosTest, Version=1.0.0.0, Culture=neutral, PublicKeyToken=null" name="TestDeveRetornarSILVAJoaoQuandoJoaoSilva" />
    </UnitTest>
  </TestDefinitions>
  <TestLists>
    <TestList name="Results Not in a List" id="8c84fa94-04c1-424b-9868-57a2d4851a1d" />
    <TestList name="All Loaded Results" id="19431567-8539-422a-85d7-44ee4e166bda" />
  </TestLists>
  <TestEntries>
    <TestEntry testId="2ae87283-495d-6455-fa7b-b6d749ef575d" executionId="bfd0e7ca-de98-455d-82cd-ef3bc0c3ccd2" testListId="8c84fa94-04c1-424b-9868-57a2d4851a1d" />
    <TestEntry testId="efe0f134-120c-7ec6-8857-d2754fb0dc38" executionId="c9c6ae78-d016-4336-9d8e-6f24af633852" testListId="8c84fa94-04c1-424b-9868-57a2d4851a1d" />
  </TestEntries>
  <Results>
    <UnitTestResult executionId="bfd0e7ca-de98-455d-82cd-ef3bc0c3ccd2" testId="2ae87283-495d-6455-fa7b-b6d749ef575d" testName="TestDeveRetornarSomenteNome" computerName="EVANDRO-PC" duration="00:00:00.0198219" startTime="2012-02-03T13:10:02.1727877-02:00" endTime="2012-02-03T13:10:02.6888173-02:00" testType="13cdc9d9-ddb5-4fa4-a97d-d965ccfc6d4b" outcome="Passed" testListId="8c84fa94-04c1-424b-9868-57a2d4851a1d" relativeResultsDirectory="bfd0e7ca-de98-455d-82cd-ef3bc0c3ccd2">
    </UnitTestResult>
    <UnitTestResult executionId="c9c6ae78-d016-4336-9d8e-6f24af633852" testId="efe0f134-120c-7ec6-8857-d2754fb0dc38" testName="TestDeveRetornarSILVAJoaoQuandoJoaoSilva" computerName="EVANDRO-PC" duration="00:00:00.0003565" startTime="2012-02-03T13:10:02.6998179-02:00" endTime="2012-02-03T13:10:02.7048182-02:00" testType="13cdc9d9-ddb5-4fa4-a97d-d965ccfc6d4b" outcome="Passed" testListId="8c84fa94-04c1-424b-9868-57a2d4851a1d" relativeResultsDirectory="c9c6ae78-d016-4336-9d8e-6f24af633852">
    </UnitTestResult>
  </Results>
</TestRun>