<?xml version="1.0" encoding="UTF-8"?>
<TestRun id="3c3533e3-cae9-4233-88a5-a870bb2f08fe" name="Evandro@EVANDRO-PC 2012-02-03 13:28:50" runUser="Evandro-PC\Evandro" xmlns="http://microsoft.com/schemas/VisualStudio/TeamTest/2010">
  <TestSettings name="Local" id="e69edb5e-b0a5-4ab0-9474-5312592fd514">
    <Description>These are default test settings for a local test run.</Description>
    <Deployment enabled="false" runDeploymentRoot="Evandro_EVANDRO-PC 2012-02-03 13_28_50" />
    <Execution>
      <TestTypeSpecific />
      <AgentRule name="Execution Agents">
      </AgentRule>
    </Execution>
  </TestSettings>
  <Times creation="2012-02-03T13:28:50.6473328-02:00" queuing="2012-02-03T13:28:50.7573391-02:00" start="2012-02-03T13:28:50.7943412-02:00" finish="2012-02-03T13:28:51.5003816-02:00" />
  <ResultSummary outcome="Failed">
    <Counters total="4" executed="4" passed="3" error="0" failed="1" timeout="0" aborted="0" inconclusive="0" passedButRunAborted="0" notRunnable="0" notExecuted="0" disconnected="0" warning="0" completed="0" inProgress="0" pending="0" />
  </ResultSummary>
  <TestDefinitions>
    <UnitTest name="TestJunior" storage="c:\users\evandro\desktop\autoreslivrostest\autoreslivrostest\bin\debug\autoreslivrostest.dll" id="3dc6ce07-7fbd-0801-025c-4f53138408a3">
      <Execution id="7132a91b-57b2-4dd0-b508-1669200363c0" />
      <TestMethod codeBase="C:/Users/Evandro/Desktop/AutoresLivrosTest/AutoresLivrosTest/bin/Debug/AutoresLivrosTest.DLL" adapterTypeName="Microsoft.VisualStudio.TestTools.TestTypes.Unit.UnitTestAdapter, Microsoft.VisualStudio.QualityTools.Tips.UnitTest.Adapter, Version=10.0.0.0, Culture=neutral, PublicKeyToken=b03f5f7f11d50a3a" className="AutoresLivrosTest.AutoresTest, AutoresLivrosTest, Version=1.0.0.0, Culture=neutral, PublicKeyToken=null" name="TestJunior" />
    </UnitTest>
    <UnitTest name="TestPedroJoaoDaSilva" storage="c:\users\evandro\desktop\autoreslivrostest\autoreslivrostest\bin\debug\autoreslivrostest.dll" id="1cea87db-8a4d-d9f2-5599-71beffe536de">
      <Execution id="f97cd9fe-5f2e-4f26-a738-7a99b8f974a9" />
      <TestMethod codeBase="C:/Users/Evandro/Desktop/AutoresLivrosTest/AutoresLivrosTest/bin/Debug/AutoresLivrosTest.DLL" adapterTypeName="Microsoft.VisualStudio.TestTools.TestTypes.Unit.UnitTestAdapter, Microsoft.VisualStudio.QualityTools.Tips.UnitTest.Adapter, Version=10.0.0.0, Culture=neutral, PublicKeyToken=b03f5f7f11d50a3a" className="AutoresLivrosTest.AutoresTest, AutoresLivrosTest, Version=1.0.0.0, Culture=neutral, PublicKeyToken=null" name="TestPedroJoaoDaSilva" />
    </UnitTest>
    <UnitTest name="TestDeveRetornarSomenteNome" storage="c:\users\evandro\desktop\autoreslivrostest\autoreslivrostest\bin\debug\autoreslivrostest.dll" id="2ae87283-495d-6455-fa7b-b6d749ef575d">
      <Execution id="99a8f506-75c1-4e21-9acc-2ccfa4c252b8" />
      <TestMethod codeBase="C:/Users/Evandro/Desktop/AutoresLivrosTest/AutoresLivrosTest/bin/Debug/AutoresLivrosTest.DLL" adapterTypeName="Microsoft.VisualStudio.TestTools.TestTypes.Unit.UnitTestAdapter, Microsoft.VisualStudio.QualityTools.Tips.UnitTest.Adapter, Version=10.0.0.0, Culture=neutral, PublicKeyToken=b03f5f7f11d50a3a" className="AutoresLivrosTest.AutoresTest, AutoresLivrosTest, Version=1.0.0.0, Culture=neutral, PublicKeyToken=null" name="TestDeveRetornarSomenteNome" />
    </UnitTest>
    <UnitTest name="TestDeveRetornarSILVAJoaoQuandoJoaoSilva" storage="c:\users\evandro\desktop\autoreslivrostest\autoreslivrostest\bin\debug\autoreslivrostest.dll" id="efe0f134-120c-7ec6-8857-d2754fb0dc38">
      <Execution id="6681117c-9dd3-493b-87bc-239e64895669" />
      <TestMethod codeBase="C:/Users/Evandro/Desktop/AutoresLivrosTest/AutoresLivrosTest/bin/Debug/AutoresLivrosTest.DLL" adapterTypeName="Microsoft.VisualStudio.TestTools.TestTypes.Unit.UnitTestAdapter, Microsoft.VisualStudio.QualityTools.Tips.UnitTest.Adapter, Version=10.0.0.0, Culture=neutral, PublicKeyToken=b03f5f7f11d50a3a" className="AutoresLivrosTest.AutoresTest, AutoresLivrosTest, Version=1.0.0.0, Culture=neutral, PublicKeyToken=null" name="TestDeveRetornarSILVAJoaoQuandoJoaoSilva" />
    </UnitTest>
  </TestDefinitions>
  <TestLists>
    <TestList name="Results Not in a List" id="8c84fa94-04c1-424b-9868-57a2d4851a1d" />
    <TestList name="All Loaded Results" id="19431567-8539-422a-85d7-44ee4e166bda" />
  </TestLists>
  <TestEntries>
    <TestEntry testId="1cea87db-8a4d-d9f2-5599-71beffe536de" executionId="f97cd9fe-5f2e-4f26-a738-7a99b8f974a9" testListId="8c84fa94-04c1-424b-9868-57a2d4851a1d" />
    <TestEntry testId="2ae87283-495d-6455-fa7b-b6d749ef575d" executionId="99a8f506-75c1-4e21-9acc-2ccfa4c252b8" testListId="8c84fa94-04c1-424b-9868-57a2d4851a1d" />
    <TestEntry testId="3dc6ce07-7fbd-0801-025c-4f53138408a3" executionId="7132a91b-57b2-4dd0-b508-1669200363c0" testListId="8c84fa94-04c1-424b-9868-57a2d4851a1d" />
    <TestEntry testId="efe0f134-120c-7ec6-8857-d2754fb0dc38" executionId="6681117c-9dd3-493b-87bc-239e64895669" testListId="8c84fa94-04c1-424b-9868-57a2d4851a1d" />
  </TestEntries>
  <Results>
    <UnitTestResult executionId="f97cd9fe-5f2e-4f26-a738-7a99b8f974a9" testId="1cea87db-8a4d-d9f2-5599-71beffe536de" testName="TestPedroJoaoDaSilva" computerName="EVANDRO-PC" duration="00:00:00.0681013" startTime="2012-02-03T13:28:50.8843463-02:00" endTime="2012-02-03T13:28:51.4183769-02:00" testType="13cdc9d9-ddb5-4fa4-a97d-d965ccfc6d4b" outcome="Failed" testListId="8c84fa94-04c1-424b-9868-57a2d4851a1d" relativeResultsDirectory="f97cd9fe-5f2e-4f26-a738-7a99b8f974a9">
      <Output>
        <ErrorInfo>
          <Message>Assert.AreEqual failed. Expected:&lt;SILVA, Pedro&gt;. Actual:&lt;SILVA, Pedro Joao da&gt;. </Message>
          <StackTrace>   at AutoresLivrosTest.AutoresTest.TestPedroJoaoDaSilva() in C:\Users\Evandro\Desktop\AutoresLivrosTest\AutoresLivrosTest\UnitTest1.cs:line 90
</StackTrace>
        </ErrorInfo>
      </Output>
    </UnitTestResult>
    <UnitTestResult executionId="99a8f506-75c1-4e21-9acc-2ccfa4c252b8" testId="2ae87283-495d-6455-fa7b-b6d749ef575d" testName="TestDeveRetornarSomenteNome" computerName="EVANDRO-PC" duration="00:00:00.0003760" startTime="2012-02-03T13:28:51.4273774-02:00" endTime="2012-02-03T13:28:51.4323777-02:00" testType="13cdc9d9-ddb5-4fa4-a97d-d965ccfc6d4b" outcome="Passed" testListId="8c84fa94-04c1-424b-9868-57a2d4851a1d" relativeResultsDirectory="99a8f506-75c1-4e21-9acc-2ccfa4c252b8">
    </UnitTestResult>
    <UnitTestResult executionId="7132a91b-57b2-4dd0-b508-1669200363c0" testId="3dc6ce07-7fbd-0801-025c-4f53138408a3" testName="TestJunior" computerName="EVANDRO-PC" duration="00:00:00.0003703" startTime="2012-02-03T13:28:51.4403782-02:00" endTime="2012-02-03T13:28:51.4453784-02:00" testType="13cdc9d9-ddb5-4fa4-a97d-d965ccfc6d4b" outcome="Passed" testListId="8c84fa94-04c1-424b-9868-57a2d4851a1d" relativeResultsDirectory="7132a91b-57b2-4dd0-b508-1669200363c0">
    </UnitTestResult>
    <UnitTestResult executionId="6681117c-9dd3-493b-87bc-239e64895669" testId="efe0f134-120c-7ec6-8857-d2754fb0dc38" testName="TestDeveRetornarSILVAJoaoQuandoJoaoSilva" computerName="EVANDRO-PC" duration="00:00:00.0003703" startTime="2012-02-03T13:28:51.4553790-02:00" endTime="2012-02-03T13:28:51.4613794-02:00" testType="13cdc9d9-ddb5-4fa4-a97d-d965ccfc6d4b" outcome="Passed" testListId="8c84fa94-04c1-424b-9868-57a2d4851a1d" relativeResultsDirectory="6681117c-9dd3-493b-87bc-239e64895669">
    </UnitTestResult>
  </Results>
</TestRun>