<?xml version="1.0" encoding="UTF-8"?>
<TestRun id="d804fef4-113f-4d49-ab46-06dbdcbc0baa" name="Evandro@EVANDRO-PC 2012-02-03 13:26:25" runUser="Evandro-PC\Evandro" xmlns="http://microsoft.com/schemas/VisualStudio/TeamTest/2010">
  <TestSettings name="Local" id="e69edb5e-b0a5-4ab0-9474-5312592fd514">
    <Description>These are default test settings for a local test run.</Description>
    <Deployment enabled="false" runDeploymentRoot="Evandro_EVANDRO-PC 2012-02-03 13_26_25" />
    <Execution>
      <TestTypeSpecific />
      <AgentRule name="Execution Agents">
      </AgentRule>
    </Execution>
  </TestSettings>
  <Times creation="2012-02-03T13:26:25.0820069-02:00" queuing="2012-02-03T13:26:25.1510109-02:00" start="2012-02-03T13:26:25.1690119-02:00" finish="2012-02-03T13:26:25.7010423-02:00" />
  <ResultSummary outcome="Failed">
    <Counters total="1" executed="1" error="0" failed="1" timeout="0" aborted="0" inconclusive="0" passedButRunAborted="0" notRunnable="0" notExecuted="0" disconnected="0" warning="0" passed="0" completed="0" inProgress="0" pending="0" />
  </ResultSummary>
  <TestDefinitions>
    <UnitTest name="TestPedroJoaoDaSilva" storage="c:\users\evandro\desktop\autoreslivrostest\autoreslivrostest\bin\debug\autoreslivrostest.dll" id="1cea87db-8a4d-d9f2-5599-71beffe536de">
      <Execution id="8fc15d33-3c79-4103-a1a0-c825d6de17a8" />
      <TestMethod codeBase="C:/Users/Evandro/Desktop/AutoresLivrosTest/AutoresLivrosTest/bin/Debug/AutoresLivrosTest.DLL" adapterTypeName="Microsoft.VisualStudio.TestTools.TestTypes.Unit.UnitTestAdapter, Microsoft.VisualStudio.QualityTools.Tips.UnitTest.Adapter, Version=10.0.0.0, Culture=neutral, PublicKeyToken=b03f5f7f11d50a3a" className="AutoresLivrosTest.AutoresTest, AutoresLivrosTest, Version=1.0.0.0, Culture=neutral, PublicKeyToken=null" name="TestPedroJoaoDaSilva" />
    </UnitTest>
  </TestDefinitions>
  <TestLists>
    <TestList name="Results Not in a List" id="8c84fa94-04c1-424b-9868-57a2d4851a1d" />
    <TestList name="All Loaded Results" id="19431567-8539-422a-85d7-44ee4e166bda" />
  </TestLists>
  <TestEntries>
    <TestEntry testId="1cea87db-8a4d-d9f2-5599-71beffe536de" executionId="8fc15d33-3c79-4103-a1a0-c825d6de17a8" testListId="8c84fa94-04c1-424b-9868-57a2d4851a1d" />
  </TestEntries>
  <Results>
    <UnitTestResult executionId="8fc15d33-3c79-4103-a1a0-c825d6de17a8" testId="1cea87db-8a4d-d9f2-5599-71beffe536de" testName="TestPedroJoaoDaSilva" computerName="EVANDRO-PC" duration="00:00:00.0583611" startTime="2012-02-03T13:26:25.2000137-02:00" endTime="2012-02-03T13:26:25.6710406-02:00" testType="13cdc9d9-ddb5-4fa4-a97d-d965ccfc6d4b" outcome="Failed" testListId="8c84fa94-04c1-424b-9868-57a2d4851a1d" relativeResultsDirectory="8fc15d33-3c79-4103-a1a0-c825d6de17a8">
      <Output>
        <ErrorInfo>
          <Message>Assert.AreEqual failed. Expected:&lt;SILVA, Pedro&gt;. Actual:&lt;SILVA, Pedro Joao da&gt;. </Message>
          <StackTrace>   at AutoresLivrosTest.AutoresTest.TestPedroJoaoDaSilva() in C:\Users\Evandro\Desktop\AutoresLivrosTest\AutoresLivrosTest\UnitTest1.cs:line 90
</StackTrace>
        </ErrorInfo>
      </Output>
    </UnitTestResult>
  </Results>
</TestRun>