<?xml version="1.0" encoding="UTF-8"?>
<TestRun id="1c7d40d6-c7d6-43cd-991e-732441086a4c" name="Evandro@EVANDRO-PC 2012-02-03 13:04:56" runUser="Evandro-PC\Evandro" xmlns="http://microsoft.com/schemas/VisualStudio/TeamTest/2010">
  <TestSettings name="Local" id="e69edb5e-b0a5-4ab0-9474-5312592fd514">
    <Description>These are default test settings for a local test run.</Description>
    <Deployment enabled="false" runDeploymentRoot="Evandro_EVANDRO-PC 2012-02-03 13_04_56" />
    <Execution>
      <TestTypeSpecific />
      <AgentRule name="Execution Agents">
      </AgentRule>
    </Execution>
  </TestSettings>
  <Times creation="2012-02-03T13:04:56.2542902-02:00" queuing="2012-02-03T13:04:56.7853206-02:00" start="2012-02-03T13:04:56.8673253-02:00" finish="2012-02-03T13:04:57.4303575-02:00" />
  <ResultSummary outcome="Completed">
    <Counters total="1" executed="1" passed="1" error="0" failed="0" timeout="0" aborted="0" inconclusive="0" passedButRunAborted="0" notRunnable="0" notExecuted="0" disconnected="0" warning="0" completed="0" inProgress="0" pending="0" />
  </ResultSummary>
  <TestDefinitions>
    <UnitTest name="TestDeveRetornarSILVAJoaoQuandoJoaoSilva" storage="c:\users\evandro\desktop\autoreslivrostest\autoreslivrostest\bin\debug\autoreslivrostest.dll" id="efe0f134-120c-7ec6-8857-d2754fb0dc38">
      <Execution id="f3222629-69dc-4ab5-a2f1-212e63b38867" />
      <TestMethod codeBase="C:/Users/Evandro/Desktop/AutoresLivrosTest/AutoresLivrosTest/bin/Debug/AutoresLivrosTest.DLL" adapterTypeName="Microsoft.VisualStudio.TestTools.TestTypes.Unit.UnitTestAdapter, Microsoft.VisualStudio.QualityTools.Tips.UnitTest.Adapter, Version=10.0.0.0, Culture=neutral, PublicKeyToken=b03f5f7f11d50a3a" className="AutoresLivrosTest.AutoresTest, AutoresLivrosTest, Version=1.0.0.0, Culture=neutral, PublicKeyToken=null" name="TestDeveRetornarSILVAJoaoQuandoJoaoSilva" />
    </UnitTest>
  </TestDefinitions>
  <TestLists>
    <TestList name="Results Not in a List" id="8c84fa94-04c1-424b-9868-57a2d4851a1d" />
    <TestList name="All Loaded Results" id="19431567-8539-422a-85d7-44ee4e166bda" />
  </TestLists>
  <TestEntries>
    <TestEntry testId="efe0f134-120c-7ec6-8857-d2754fb0dc38" executionId="f3222629-69dc-4ab5-a2f1-212e63b38867" testListId="8c84fa94-04c1-424b-9868-57a2d4851a1d" />
  </TestEntries>
  <Results>
    <UnitTestResult executionId="f3222629-69dc-4ab5-a2f1-212e63b38867" testId="efe0f134-120c-7ec6-8857-d2754fb0dc38" testName="TestDeveRetornarSILVAJoaoQuandoJoaoSilva" computerName="EVANDRO-PC" duration="00:00:00.0189604" startTime="2012-02-03T13:04:56.8963269-02:00" endTime="2012-02-03T13:04:57.3663538-02:00" testType="13cdc9d9-ddb5-4fa4-a97d-d965ccfc6d4b" outcome="Passed" testListId="8c84fa94-04c1-424b-9868-57a2d4851a1d" relativeResultsDirectory="f3222629-69dc-4ab5-a2f1-212e63b38867">
    </UnitTestResult>
  </Results>
</TestRun>